Determining if the pthread_create exist failed with the following output:
Change Dir: /home/zarevich/Documents/youbot_driver_rev2/tools/hello_world_demo/build/CMakeFiles/CMakeTmp

Run Build Command:"/usr/bin/make" "cmTC_c382a/fast"
/usr/bin/make -f CMakeFiles/cmTC_c382a.dir/build.make CMakeFiles/cmTC_c382a.dir/build
make[1]: Entering directory '/home/zarevich/Documents/youbot_driver_rev2/tools/hello_world_demo/build/CMakeFiles/CMakeTmp'
Building C object CMakeFiles/cmTC_c382a.dir/CheckSymbolExists.c.o
/usr/bin/cc     -o CMakeFiles/cmTC_c382a.dir/CheckSymbolExists.c.o   -c /home/zarevich/Documents/youbot_driver_rev2/tools/hello_world_demo/build/CMakeFiles/CMakeTmp/CheckSymbolExists.c
Linking C executable cmTC_c382a
/usr/bin/cmake -E cmake_link_script CMakeFiles/cmTC_c382a.dir/link.txt --verbose=1
/usr/bin/cc       CMakeFiles/cmTC_c382a.dir/CheckSymbolExists.c.o  -o cmTC_c382a -rdynamic 
CMakeFiles/cmTC_c382a.dir/CheckSymbolExists.c.o: In function `main':
CheckSymbolExists.c:(.text+0x16): undefined reference to `pthread_create'
collect2: error: ld returned 1 exit status
CMakeFiles/cmTC_c382a.dir/build.make:97: recipe for target 'cmTC_c382a' failed
make[1]: *** [cmTC_c382a] Error 1
make[1]: Leaving directory '/home/zarevich/Documents/youbot_driver_rev2/tools/hello_world_demo/build/CMakeFiles/CMakeTmp'
Makefile:126: recipe for target 'cmTC_c382a/fast' failed
make: *** [cmTC_c382a/fast] Error 2

File /home/zarevich/Documents/youbot_driver_rev2/tools/hello_world_demo/build/CMakeFiles/CMakeTmp/CheckSymbolExists.c:
/* */
#include <pthread.h>

int main(int argc, char** argv)
{
  (void)argv;
#ifndef pthread_create
  return ((int*)(&pthread_create))[argc];
#else
  (void)argc;
  return 0;
#endif
}

Determining if the function pthread_create exists in the pthreads failed with the following output:
Change Dir: /home/zarevich/Documents/youbot_driver_rev2/tools/hello_world_demo/build/CMakeFiles/CMakeTmp

Run Build Command:"/usr/bin/make" "cmTC_a4aff/fast"
/usr/bin/make -f CMakeFiles/cmTC_a4aff.dir/build.make CMakeFiles/cmTC_a4aff.dir/build
make[1]: Entering directory '/home/zarevich/Documents/youbot_driver_rev2/tools/hello_world_demo/build/CMakeFiles/CMakeTmp'
Building C object CMakeFiles/cmTC_a4aff.dir/CheckFunctionExists.c.o
/usr/bin/cc    -DCHECK_FUNCTION_EXISTS=pthread_create   -o CMakeFiles/cmTC_a4aff.dir/CheckFunctionExists.c.o   -c /usr/share/cmake-3.5/Modules/CheckFunctionExists.c
Linking C executable cmTC_a4aff
/usr/bin/cmake -E cmake_link_script CMakeFiles/cmTC_a4aff.dir/link.txt --verbose=1
/usr/bin/cc   -DCHECK_FUNCTION_EXISTS=pthread_create    CMakeFiles/cmTC_a4aff.dir/CheckFunctionExists.c.o  -o cmTC_a4aff -rdynamic -lpthreads 
/usr/bin/ld: cannot find -lpthreads
collect2: error: ld returned 1 exit status
CMakeFiles/cmTC_a4aff.dir/build.make:97: recipe for target 'cmTC_a4aff' failed
make[1]: *** [cmTC_a4aff] Error 1
make[1]: Leaving directory '/home/zarevich/Documents/youbot_driver_rev2/tools/hello_world_demo/build/CMakeFiles/CMakeTmp'
Makefile:126: recipe for target 'cmTC_a4aff/fast' failed
make: *** [cmTC_a4aff/fast] Error 2


