Determining if the pthread_create exist failed with the following output:
Change Dir: /home/zarevich/Documents/youbot_driver_rev2/tools/diagnostics_tool/build/CMakeFiles/CMakeTmp

Run Build Command:"/usr/bin/make" "cmTC_ddc5a/fast"
/usr/bin/make -f CMakeFiles/cmTC_ddc5a.dir/build.make CMakeFiles/cmTC_ddc5a.dir/build
make[1]: Entering directory '/home/zarevich/Documents/youbot_driver_rev2/tools/diagnostics_tool/build/CMakeFiles/CMakeTmp'
Building C object CMakeFiles/cmTC_ddc5a.dir/CheckSymbolExists.c.o
/usr/bin/cc     -o CMakeFiles/cmTC_ddc5a.dir/CheckSymbolExists.c.o   -c /home/zarevich/Documents/youbot_driver_rev2/tools/diagnostics_tool/build/CMakeFiles/CMakeTmp/CheckSymbolExists.c
Linking C executable cmTC_ddc5a
/usr/bin/cmake -E cmake_link_script CMakeFiles/cmTC_ddc5a.dir/link.txt --verbose=1
/usr/bin/cc       CMakeFiles/cmTC_ddc5a.dir/CheckSymbolExists.c.o  -o cmTC_ddc5a -rdynamic 
CMakeFiles/cmTC_ddc5a.dir/CheckSymbolExists.c.o: In function `main':
CheckSymbolExists.c:(.text+0x16): undefined reference to `pthread_create'
collect2: error: ld returned 1 exit status
CMakeFiles/cmTC_ddc5a.dir/build.make:97: recipe for target 'cmTC_ddc5a' failed
make[1]: *** [cmTC_ddc5a] Error 1
make[1]: Leaving directory '/home/zarevich/Documents/youbot_driver_rev2/tools/diagnostics_tool/build/CMakeFiles/CMakeTmp'
Makefile:126: recipe for target 'cmTC_ddc5a/fast' failed
make: *** [cmTC_ddc5a/fast] Error 2

File /home/zarevich/Documents/youbot_driver_rev2/tools/diagnostics_tool/build/CMakeFiles/CMakeTmp/CheckSymbolExists.c:
/* */
#include <pthread.h>

int main(int argc, char** argv)
{
  (void)argv;
#ifndef pthread_create
  return ((int*)(&pthread_create))[argc];
#else
  (void)argc;
  return 0;
#endif
}

Determining if the function pthread_create exists in the pthreads failed with the following output:
Change Dir: /home/zarevich/Documents/youbot_driver_rev2/tools/diagnostics_tool/build/CMakeFiles/CMakeTmp

Run Build Command:"/usr/bin/make" "cmTC_c7cde/fast"
/usr/bin/make -f CMakeFiles/cmTC_c7cde.dir/build.make CMakeFiles/cmTC_c7cde.dir/build
make[1]: Entering directory '/home/zarevich/Documents/youbot_driver_rev2/tools/diagnostics_tool/build/CMakeFiles/CMakeTmp'
Building C object CMakeFiles/cmTC_c7cde.dir/CheckFunctionExists.c.o
/usr/bin/cc    -DCHECK_FUNCTION_EXISTS=pthread_create   -o CMakeFiles/cmTC_c7cde.dir/CheckFunctionExists.c.o   -c /usr/share/cmake-3.5/Modules/CheckFunctionExists.c
Linking C executable cmTC_c7cde
/usr/bin/cmake -E cmake_link_script CMakeFiles/cmTC_c7cde.dir/link.txt --verbose=1
/usr/bin/cc   -DCHECK_FUNCTION_EXISTS=pthread_create    CMakeFiles/cmTC_c7cde.dir/CheckFunctionExists.c.o  -o cmTC_c7cde -rdynamic -lpthreads 
/usr/bin/ld: cannot find -lpthreads
collect2: error: ld returned 1 exit status
CMakeFiles/cmTC_c7cde.dir/build.make:97: recipe for target 'cmTC_c7cde' failed
make[1]: *** [cmTC_c7cde] Error 1
make[1]: Leaving directory '/home/zarevich/Documents/youbot_driver_rev2/tools/diagnostics_tool/build/CMakeFiles/CMakeTmp'
Makefile:126: recipe for target 'cmTC_c7cde/fast' failed
make: *** [cmTC_c7cde/fast] Error 2


